<?xml version="1.0" encoding="UTF-8"?>
<!-- Generated by org.testng.reporters.JUnitXMLReporter -->
<testsuite ignored="0" hostname="Sreejiths-MacBook-Air.local" failures="0" tests="4" name="Test" time="28.647" errors="0" timestamp="2025-05-06T19:04:12 IST">
  <testcase classname="TestCases.QALegendClientTest" name="addClient" time="3.784"/>
  <testcase classname="TestCases.QALegendClientTest" name="editClient" time="5.625"/>
  <testcase classname="TestCases.QALegendClientTest" name="deleteClient" time="3.085">
    <skipped/>
  </testcase> <!-- deleteClient -->
  <testcase classname="TestCases.QALegendClientTest" name="deleteClient" time="4.162"/>
</testsuite> <!-- Test -->
