<?xml version="1.0" encoding="UTF-8"?>
<!-- Generated by org.testng.reporters.JUnitXMLReporter -->
<testsuite ignored="0" hostname="Sreejiths-MacBook-Air.local" failures="0" tests="3" name="Test2" time="64.273" errors="0" timestamp="2025-05-12T11:24:39 IST">
  <testcase classname="TestCases.QALegendClientTest" name="addClient" time="14.001"/>
  <testcase classname="TestCases.QALegendClientTest" name="editClient" time="16.26"/>
  <testcase classname="TestCases.QALegendClientTest" name="deleteClient" time="14.46"/>
</testsuite> <!-- Test2 -->
