<?xml version="1.0" encoding="UTF-8"?>
<!-- Generated by org.testng.reporters.JUnitXMLReporter -->
<testsuite ignored="0" hostname="Sreejiths-MacBook-Air.local" failures="0" tests="5" name="Test1" time="89.128" errors="0" timestamp="2025-05-12T11:23:34 IST">
  <testcase classname="TestCases.QALegendClientTest" name="addClient" time="14.231"/>
  <testcase classname="TestCases.QALegendClientTest" name="editClient" time="16.243"/>
  <testcase classname="TestCases.QALegendClientTest" name="deleteClient" time="13.569">
    <skipped/>
  </testcase> <!-- deleteClient -->
  <testcase classname="TestCases.QALegendClientTest" name="deleteClient" time="13.572">
    <skipped/>
  </testcase> <!-- deleteClient -->
  <testcase classname="TestCases.QALegendClientTest" name="deleteClient" time="14.577"/>
</testsuite> <!-- Test1 -->
