<?xml version="1.0" encoding="UTF-8"?>
<!-- Generated by org.testng.reporters.JUnitXMLReporter -->
<testsuite ignored="2" hostname="Sreejiths-MacBook-Air.local" failures="0" tests="1" name="Test" time="20.563" errors="0" timestamp="2025-05-12T13:32:03 IST">
  <testcase classname="TestCases.QALegendClientTest" name="addClient" time="14.296"/>
  <testcase classname="TestCases.QALegendClientTest" name="editClient" time="0.0">
    <ignored/>
  </testcase> <!-- editClient -->
  <testcase classname="TestCases.QALegendClientTest" name="deleteClient" time="0.0">
    <ignored/>
  </testcase> <!-- deleteClient -->
</testsuite> <!-- Test -->
