<?xml version="1.0" encoding="UTF-8"?>
<testng-results retried="1" ignored="0" total="4" passed="3" failed="0" skipped="0">
  <reporter-output>
  </reporter-output>
  <suite started-at="2025-05-06T19:03:43 IST" name="Suite" finished-at="2025-05-06T19:04:12 IST" duration-ms="28647">
    <groups>
      <group name="regression">
        <method signature="QALegendClientTest.addClient()[pri:1, instance:TestCases.QALegendClientTest@53976f5c]" name="addClient" class="TestCases.QALegendClientTest"/>
        <method signature="QALegendClientTest.editClient()[pri:2, instance:TestCases.QALegendClientTest@53976f5c]" name="editClient" class="TestCases.QALegendClientTest"/>
        <method signature="QALegendClientTest.deleteClient()[pri:3, instance:TestCases.QALegendClientTest@53976f5c]" name="deleteClient" class="TestCases.QALegendClientTest"/>
      </group> <!-- regression -->
    </groups>
    <test started-at="2025-05-06T19:03:43 IST" name="Test" finished-at="2025-05-06T19:04:12 IST" duration-ms="28647">
      <class name="TestCases.QALegendClientTest">
        <test-method is-config="true" signature="Initialization(java.lang.String)[pri:0, instance:TestCases.QALegendClientTest@53976f5c]" started-at="2025-05-06T19:03:43 IST" name="Initialization" finished-at="2025-05-06T19:03:46 IST" duration-ms="3425" status="PASS">
          <params>
            <param index="0">
              <value>
                <![CDATA[chrome]]>
              </value>
            </param>
          </params>
          <reporter-output>
          </reporter-output>
        </test-method> <!-- Initialization -->
        <test-method signature="addClient()[pri:1, instance:TestCases.QALegendClientTest@53976f5c]" started-at="2025-05-06T19:03:46 IST" name="addClient" finished-at="2025-05-06T19:03:50 IST" duration-ms="3784" status="PASS">
          <reporter-output>
          </reporter-output>
        </test-method> <!-- addClient -->
        <test-method is-config="true" signature="closeBrowser()[pri:0, instance:TestCases.QALegendClientTest@53976f5c]" started-at="2025-05-06T19:03:50 IST" name="closeBrowser" finished-at="2025-05-06T19:03:50 IST" duration-ms="139" status="PASS">
          <reporter-output>
          </reporter-output>
        </test-method> <!-- closeBrowser -->
        <test-method is-config="true" signature="Initialization(java.lang.String)[pri:0, instance:TestCases.QALegendClientTest@53976f5c]" started-at="2025-05-06T19:03:50 IST" name="Initialization" finished-at="2025-05-06T19:03:53 IST" duration-ms="2648" status="PASS">
          <params>
            <param index="0">
              <value>
                <![CDATA[chrome]]>
              </value>
            </param>
          </params>
          <reporter-output>
          </reporter-output>
        </test-method> <!-- Initialization -->
        <test-method signature="editClient()[pri:2, instance:TestCases.QALegendClientTest@53976f5c]" started-at="2025-05-06T19:03:53 IST" name="editClient" finished-at="2025-05-06T19:03:59 IST" duration-ms="5625" status="PASS">
          <reporter-output>
          </reporter-output>
        </test-method> <!-- editClient -->
        <test-method is-config="true" signature="closeBrowser()[pri:0, instance:TestCases.QALegendClientTest@53976f5c]" started-at="2025-05-06T19:03:59 IST" name="closeBrowser" finished-at="2025-05-06T19:03:59 IST" duration-ms="145" status="PASS">
          <reporter-output>
          </reporter-output>
        </test-method> <!-- closeBrowser -->
        <test-method is-config="true" signature="Initialization(java.lang.String)[pri:0, instance:TestCases.QALegendClientTest@53976f5c]" started-at="2025-05-06T19:03:59 IST" name="Initialization" finished-at="2025-05-06T19:04:01 IST" duration-ms="2660" status="PASS">
          <params>
            <param index="0">
              <value>
                <![CDATA[chrome]]>
              </value>
            </param>
          </params>
          <reporter-output>
          </reporter-output>
        </test-method> <!-- Initialization -->
        <test-method retried="true" signature="deleteClient()[pri:3, instance:TestCases.QALegendClientTest@53976f5c]" started-at="2025-05-06T19:04:01 IST" name="deleteClient" finished-at="2025-05-06T19:04:04 IST" duration-ms="3085" status="SKIP">
          <exception class="org.openqa.selenium.ElementClickInterceptedException">
            <message>
              <![CDATA[element click intercepted: Element <span class="fa fa-check-circle"></span> is not clickable at point (877, 592). Other element would receive the click: <button type="button" class="btn btn-default" data-dismiss="modal">...</button>
  (Session info: chrome=135.0.7049.115)
Build info: version: '4.29.0', revision: '5fc1ec94cb'
System info: os.name: 'Mac OS X', os.arch: 'x86_64', os.version: '15.3.2', java.version: '21.0.5'
Driver info: org.openqa.selenium.chrome.ChromeDriver
Command: [aea52367f3ac5157c5d1234a8911474b, clickElement {id=f.DDFBE6C57310B2805D6F2362C1A63EB1.d.70C2ED37F9B7900D465B5B414B6874DF.e.120}]
Capabilities {acceptInsecureCerts: false, browserName: chrome, browserVersion: 135.0.7049.115, chrome: {chromedriverVersion: 135.0.7049.114 (63fd8a7d9d0..., userDataDir: /var/folders/6s/gj2crlp90dx...}, fedcm:accounts: true, goog:chromeOptions: {debuggerAddress: localhost:60589}, networkConnectionEnabled: false, pageLoadStrategy: normal, platformName: mac, proxy: Proxy(), se:cdp: ws://localhost:60589/devtoo..., se:cdpVersion: 135.0.7049.115, setWindowRect: true, strictFileInteractability: false, timeouts: {implicit: 0, pageLoad: 300000, script: 30000}, unhandledPromptBehavior: dismiss and notify, webauthn:extension:credBlob: true, webauthn:extension:largeBlob: true, webauthn:extension:minPinLength: true, webauthn:extension:prf: true, webauthn:virtualAuthenticators: true}
Element: [[ChromeDriver: chrome on mac (aea52367f3ac5157c5d1234a8911474b)] -> xpath: //span[@class='fa fa-check-circle']]
Session ID: aea52367f3ac5157c5d1234a8911474b]]>
            </message>
            <full-stacktrace>
              <![CDATA[org.openqa.selenium.ElementClickInterceptedException: element click intercepted: Element <span class="fa fa-check-circle"></span> is not clickable at point (877, 592). Other element would receive the click: <button type="button" class="btn btn-default" data-dismiss="modal">...</button>
  (Session info: chrome=135.0.7049.115)
Build info: version: '4.29.0', revision: '5fc1ec94cb'
System info: os.name: 'Mac OS X', os.arch: 'x86_64', os.version: '15.3.2', java.version: '21.0.5'
Driver info: org.openqa.selenium.chrome.ChromeDriver
Command: [aea52367f3ac5157c5d1234a8911474b, clickElement {id=f.DDFBE6C57310B2805D6F2362C1A63EB1.d.70C2ED37F9B7900D465B5B414B6874DF.e.120}]
Capabilities {acceptInsecureCerts: false, browserName: chrome, browserVersion: 135.0.7049.115, chrome: {chromedriverVersion: 135.0.7049.114 (63fd8a7d9d0..., userDataDir: /var/folders/6s/gj2crlp90dx...}, fedcm:accounts: true, goog:chromeOptions: {debuggerAddress: localhost:60589}, networkConnectionEnabled: false, pageLoadStrategy: normal, platformName: mac, proxy: Proxy(), se:cdp: ws://localhost:60589/devtoo..., se:cdpVersion: 135.0.7049.115, setWindowRect: true, strictFileInteractability: false, timeouts: {implicit: 0, pageLoad: 300000, script: 30000}, unhandledPromptBehavior: dismiss and notify, webauthn:extension:credBlob: true, webauthn:extension:largeBlob: true, webauthn:extension:minPinLength: true, webauthn:extension:prf: true, webauthn:virtualAuthenticators: true}
Element: [[ChromeDriver: chrome on mac (aea52367f3ac5157c5d1234a8911474b)] -> xpath: //span[@class='fa fa-check-circle']]
Session ID: aea52367f3ac5157c5d1234a8911474b
at java.base/jdk.internal.reflect.DirectConstructorHandleAccessor.newInstance(DirectConstructorHandleAccessor.java:62)
at java.base/java.lang.reflect.Constructor.newInstanceWithCaller(Constructor.java:502)
at java.base/java.lang.reflect.Constructor.newInstance(Constructor.java:486)
at org.openqa.selenium.remote.ErrorCodec.decode(ErrorCodec.java:167)
at org.openqa.selenium.remote.codec.w3c.W3CHttpResponseCodec.decode(W3CHttpResponseCodec.java:138)
at org.openqa.selenium.remote.codec.w3c.W3CHttpResponseCodec.decode(W3CHttpResponseCodec.java:50)
at org.openqa.selenium.remote.HttpCommandExecutor.execute(HttpCommandExecutor.java:215)
at org.openqa.selenium.remote.service.DriverCommandExecutor.invokeExecute(DriverCommandExecutor.java:216)
at org.openqa.selenium.remote.service.DriverCommandExecutor.execute(DriverCommandExecutor.java:174)
at org.openqa.selenium.remote.RemoteWebDriver.execute(RemoteWebDriver.java:545)
at org.openqa.selenium.remote.RemoteWebElement.execute(RemoteWebElement.java:223)
at org.openqa.selenium.remote.RemoteWebElement.click(RemoteWebElement.java:76)
at java.base/jdk.internal.reflect.DirectMethodHandleAccessor.invoke(DirectMethodHandleAccessor.java:103)
at java.base/java.lang.reflect.Method.invoke(Method.java:580)
at org.openqa.selenium.support.pagefactory.internal.LocatingElementHandler.invoke(LocatingElementHandler.java:51)
at jdk.proxy2/jdk.proxy2.$Proxy13.click(Unknown Source)
at Utilities.PageUtilities.clickonanElement(PageUtilities.java:16)
at PageClasses.QALegendClientPage.addClient(QALegendClientPage.java:69)
at TestCases.QALegendClientTest.deleteClient(QALegendClientTest.java:81)
at java.base/jdk.internal.reflect.DirectMethodHandleAccessor.invoke(DirectMethodHandleAccessor.java:103)
at java.base/java.lang.reflect.Method.invoke(Method.java:580)
at org.testng.internal.invokers.MethodInvocationHelper.invokeMethod(MethodInvocationHelper.java:141)
at org.testng.internal.invokers.TestInvoker.invokeMethod(TestInvoker.java:687)
at org.testng.internal.invokers.TestInvoker.invokeTestMethod(TestInvoker.java:230)
at org.testng.internal.invokers.MethodRunner.runInSequence(MethodRunner.java:63)
at org.testng.internal.invokers.TestInvoker$MethodInvocationAgent.invoke(TestInvoker.java:995)
at org.testng.internal.invokers.TestInvoker.invokeTestMethods(TestInvoker.java:203)
at org.testng.internal.invokers.TestMethodWorker.invokeTestMethods(TestMethodWorker.java:154)
at org.testng.internal.invokers.TestMethodWorker.run(TestMethodWorker.java:134)
at java.base/java.util.ArrayList.forEach(ArrayList.java:1596)
at org.testng.TestRunner.privateRun(TestRunner.java:741)
at org.testng.TestRunner.run(TestRunner.java:616)
at org.testng.SuiteRunner.runTest(SuiteRunner.java:421)
at org.testng.SuiteRunner.runSequentially(SuiteRunner.java:413)
at org.testng.SuiteRunner.privateRun(SuiteRunner.java:373)
at org.testng.SuiteRunner.run(SuiteRunner.java:312)
at org.testng.SuiteRunnerWorker.runSuite(SuiteRunnerWorker.java:52)
at org.testng.SuiteRunnerWorker.run(SuiteRunnerWorker.java:95)
at org.testng.TestNG.runSuitesSequentially(TestNG.java:1274)
at org.testng.TestNG.runSuitesLocally(TestNG.java:1208)
at org.testng.TestNG.runSuites(TestNG.java:1112)
at org.testng.TestNG.run(TestNG.java:1079)
at org.testng.remote.AbstractRemoteTestNG.run(AbstractRemoteTestNG.java:115)
at org.testng.remote.RemoteTestNG.initAndRun(RemoteTestNG.java:293)
at org.testng.remote.RemoteTestNG.main(RemoteTestNG.java:91)
]]>
            </full-stacktrace>
          </exception> <!-- org.openqa.selenium.ElementClickInterceptedException -->
          <reporter-output>
          </reporter-output>
        </test-method> <!-- deleteClient -->
        <test-method is-config="true" signature="closeBrowser()[pri:0, instance:TestCases.QALegendClientTest@53976f5c]" started-at="2025-05-06T19:04:04 IST" name="closeBrowser" finished-at="2025-05-06T19:04:05 IST" duration-ms="91" status="PASS">
          <reporter-output>
          </reporter-output>
        </test-method> <!-- closeBrowser -->
        <test-method is-config="true" signature="Initialization(java.lang.String)[pri:0, instance:TestCases.QALegendClientTest@53976f5c]" started-at="2025-05-06T19:04:05 IST" name="Initialization" finished-at="2025-05-06T19:04:07 IST" duration-ms="2697" status="PASS">
          <params>
            <param index="0">
              <value>
                <![CDATA[chrome]]>
              </value>
            </param>
          </params>
          <reporter-output>
          </reporter-output>
        </test-method> <!-- Initialization -->
        <test-method signature="deleteClient()[pri:3, instance:TestCases.QALegendClientTest@53976f5c]" started-at="2025-05-06T19:04:07 IST" name="deleteClient" finished-at="2025-05-06T19:04:11 IST" duration-ms="4162" status="PASS">
          <reporter-output>
          </reporter-output>
        </test-method> <!-- deleteClient -->
        <test-method is-config="true" signature="closeBrowser()[pri:0, instance:TestCases.QALegendClientTest@53976f5c]" started-at="2025-05-06T19:04:11 IST" name="closeBrowser" finished-at="2025-05-06T19:04:12 IST" duration-ms="118" status="PASS">
          <reporter-output>
          </reporter-output>
        </test-method> <!-- closeBrowser -->
      </class> <!-- TestCases.QALegendClientTest -->
    </test> <!-- Test -->
  </suite> <!-- Suite -->
</testng-results>
