<?xml version="1.0" encoding="UTF-8"?>
<testng-results ignored="2" total="3" passed="1" failed="0" skipped="0">
  <reporter-output>
  </reporter-output>
  <suite started-at="2025-05-12T13:31:42 IST" name="Suite" finished-at="2025-05-12T13:32:03 IST" duration-ms="20563">
    <groups>
      <group name="regression">
        <method signature="QALegendClientTest.addClient()[pri:1, instance:TestCases.QALegendClientTest@2bfc268b]" name="addClient" class="TestCases.QALegendClientTest"/>
      </group> <!-- regression -->
    </groups>
    <test started-at="2025-05-12T13:31:42 IST" name="Test" finished-at="2025-05-12T13:32:03 IST" duration-ms="20563">
      <class name="TestCases.QALegendClientTest">
        <test-method is-config="true" signature="Initialization(java.lang.String)[pri:0, instance:TestCases.QALegendClientTest@2bfc268b]" started-at="2025-05-12T13:31:42 IST" name="Initialization" finished-at="2025-05-12T13:31:48 IST" duration-ms="6046" status="PASS">
          <params>
            <param index="0">
              <value>
                <![CDATA[chrome]]>
              </value>
            </param>
          </params>
          <reporter-output>
          </reporter-output>
        </test-method> <!-- Initialization -->
        <test-method signature="addClient()[pri:1, instance:TestCases.QALegendClientTest@2bfc268b]" started-at="2025-05-12T13:31:48 IST" name="addClient" finished-at="2025-05-12T13:32:03 IST" duration-ms="14296" status="PASS">
          <reporter-output>
          </reporter-output>
        </test-method> <!-- addClient -->
        <test-method is-config="true" signature="afterMethod(org.testng.ITestResult)[pri:0, instance:TestCases.QALegendClientTest@2bfc268b]" started-at="2025-05-12T13:32:03 IST" name="afterMethod" finished-at="2025-05-12T13:32:03 IST" duration-ms="167" status="PASS">
          <params>
            <param index="0">
              <value>
                <![CDATA[[TestResult name=addClient status=SUCCESS method=QALegendClientTest.addClient()[pri:1, instance:TestCases.QALegendClientTest@2bfc268b] output={null}]]]>
              </value>
            </param>
          </params>
          <reporter-output>
          </reporter-output>
        </test-method> <!-- afterMethod -->
      </class> <!-- TestCases.QALegendClientTest -->
    </test> <!-- Test -->
  </suite> <!-- Suite -->
</testng-results>
